mode: set
github.com/m-lab/uuid-annotator/routeview/parse.go:32.31,34.2 1 1
github.com/m-lab/uuid-annotator/routeview/parse.go:35.41,37.2 1 1
github.com/m-lab/uuid-annotator/routeview/parse.go:38.36,42.2 3 1
github.com/m-lab/uuid-annotator/routeview/parse.go:51.48,55.30 3 1
github.com/m-lab/uuid-annotator/routeview/parse.go:70.2,70.15 1 1
github.com/m-lab/uuid-annotator/routeview/parse.go:55.30,59.28 3 1
github.com/m-lab/uuid-annotator/routeview/parse.go:68.3,68.56 1 1
github.com/m-lab/uuid-annotator/routeview/parse.go:59.28,61.18 2 1
github.com/m-lab/uuid-annotator/routeview/parse.go:65.4,66.38 2 1
github.com/m-lab/uuid-annotator/routeview/parse.go:61.18,63.13 2 1
github.com/m-lab/uuid-annotator/routeview/parse.go:74.41,84.6 8 1
github.com/m-lab/uuid-annotator/routeview/parse.go:104.2,108.26 3 1
github.com/m-lab/uuid-annotator/routeview/parse.go:84.6,86.20 2 1
github.com/m-lab/uuid-annotator/routeview/parse.go:89.3,89.22 1 1
github.com/m-lab/uuid-annotator/routeview/parse.go:92.3,93.34 2 1
github.com/m-lab/uuid-annotator/routeview/parse.go:97.3,97.111 1 1
github.com/m-lab/uuid-annotator/routeview/parse.go:102.3,102.68 1 1
github.com/m-lab/uuid-annotator/routeview/parse.go:86.20,87.9 1 1
github.com/m-lab/uuid-annotator/routeview/parse.go:89.22,90.12 1 0
github.com/m-lab/uuid-annotator/routeview/parse.go:93.34,96.4 1 1
github.com/m-lab/uuid-annotator/routeview/parse.go:97.111,100.12 2 1
github.com/m-lab/uuid-annotator/routeview/parse.go:115.52,118.21 2 0
github.com/m-lab/uuid-annotator/routeview/parse.go:121.2,121.47 1 0
github.com/m-lab/uuid-annotator/routeview/parse.go:129.2,129.43 1 0
github.com/m-lab/uuid-annotator/routeview/parse.go:132.2,132.31 1 0
github.com/m-lab/uuid-annotator/routeview/parse.go:118.21,120.3 1 0
github.com/m-lab/uuid-annotator/routeview/parse.go:121.47,122.27 1 0
github.com/m-lab/uuid-annotator/routeview/parse.go:127.3,127.44 1 0
github.com/m-lab/uuid-annotator/routeview/parse.go:122.27,126.4 1 0
github.com/m-lab/uuid-annotator/routeview/parse.go:129.43,131.3 1 0
